<?xml version="1.0" encoding="UTF-8"?>
<testng-results ignored="0" total="3" passed="3" failed="0" skipped="0">
  <reporter-output>
  </reporter-output>
  <suite started-at="2026-06-19T21:51:00 EEST" name="ParaBank Test Suite" finished-at="2026-06-19T21:51:51 EEST" duration-ms="50434">
    <groups>
    </groups>
    <test started-at="2026-06-19T21:51:00 EEST" name="ParaBank Tests" finished-at="2026-06-19T21:51:51 EEST" duration-ms="50434">
      <class name="org.example.SeleniumTest">
        <test-method is-config="true" signature="beforeMethod()[pri:0, instance:org.example.SeleniumTest@c86b9e3]" started-at="2026-06-19T21:51:00 EEST" name="beforeMethod" finished-at="2026-06-19T21:51:08 EEST" duration-ms="7579" status="PASS">
          <reporter-output>
          </reporter-output>
        </test-method> <!-- beforeMethod -->
        <test-method signature="registerNewUserTest()[pri:1, instance:org.example.SeleniumTest@c86b9e3]" started-at="2026-06-19T21:51:08 EEST" name="registerNewUserTest" finished-at="2026-06-19T21:51:13 EEST" duration-ms="4681" status="PASS">
          <reporter-output>
          </reporter-output>
        </test-method> <!-- registerNewUserTest -->
        <test-method is-config="true" signature="afterMethod(org.testng.ITestResult)[pri:0, instance:org.example.SeleniumTest@c86b9e3]" started-at="2026-06-19T21:51:13 EEST" name="afterMethod" finished-at="2026-06-19T21:51:16 EEST" duration-ms="3565" status="PASS">
          <params>
            <param index="0">
              <value>
                <![CDATA[[TestResult name=registerNewUserTest status=SUCCESS method=SeleniumTest.registerNewUserTest()[pri:1, instance:org.example.SeleniumTest@c86b9e3] output={null}]]]>
              </value>
            </param>
          </params>
          <reporter-output>
          </reporter-output>
        </test-method> <!-- afterMethod -->
        <test-method is-config="true" signature="beforeMethod()[pri:0, instance:org.example.SeleniumTest@c86b9e3]" started-at="2026-06-19T21:51:16 EEST" name="beforeMethod" finished-at="2026-06-19T21:51:23 EEST" duration-ms="6645" status="PASS">
          <reporter-output>
          </reporter-output>
        </test-method> <!-- beforeMethod -->
        <test-method signature="openNewAccountTest()[pri:2, instance:org.example.SeleniumTest@c86b9e3]" started-at="2026-06-19T21:51:23 EEST" name="openNewAccountTest" finished-at="2026-06-19T21:51:29 EEST" duration-ms="6030" status="PASS">
          <reporter-output>
          </reporter-output>
        </test-method> <!-- openNewAccountTest -->
        <test-method is-config="true" signature="afterMethod(org.testng.ITestResult)[pri:0, instance:org.example.SeleniumTest@c86b9e3]" started-at="2026-06-19T21:51:29 EEST" name="afterMethod" finished-at="2026-06-19T21:51:33 EEST" duration-ms="3715" status="PASS">
          <params>
            <param index="0">
              <value>
                <![CDATA[[TestResult name=openNewAccountTest status=SUCCESS method=SeleniumTest.openNewAccountTest()[pri:2, instance:org.example.SeleniumTest@c86b9e3] output={null}]]]>
              </value>
            </param>
          </params>
          <reporter-output>
          </reporter-output>
        </test-method> <!-- afterMethod -->
        <test-method is-config="true" signature="beforeMethod()[pri:0, instance:org.example.SeleniumTest@c86b9e3]" started-at="2026-06-19T21:51:33 EEST" name="beforeMethod" finished-at="2026-06-19T21:51:40 EEST" duration-ms="7213" status="PASS">
          <reporter-output>
          </reporter-output>
        </test-method> <!-- beforeMethod -->
        <test-method signature="transferTest()[pri:3, instance:org.example.SeleniumTest@c86b9e3]" started-at="2026-06-19T21:51:40 EEST" name="transferTest" finished-at="2026-06-19T21:51:47 EEST" duration-ms="7339" status="PASS">
          <reporter-output>
          </reporter-output>
        </test-method> <!-- transferTest -->
        <test-method is-config="true" signature="afterMethod(org.testng.ITestResult)[pri:0, instance:org.example.SeleniumTest@c86b9e3]" started-at="2026-06-19T21:51:47 EEST" name="afterMethod" finished-at="2026-06-19T21:51:51 EEST" duration-ms="3610" status="PASS">
          <params>
            <param index="0">
              <value>
                <![CDATA[[TestResult name=transferTest status=SUCCESS method=SeleniumTest.transferTest()[pri:3, instance:org.example.SeleniumTest@c86b9e3] output={null}]]]>
              </value>
            </param>
          </params>
          <reporter-output>
          </reporter-output>
        </test-method> <!-- afterMethod -->
      </class> <!-- org.example.SeleniumTest -->
    </test> <!-- ParaBank Tests -->
  </suite> <!-- ParaBank Test Suite -->
</testng-results>
