<?xml version="1.0" encoding="UTF-8"?>
<testsuite xmlns:xsi="http://www.w3.org/2001/XMLSchema-instance" xsi:noNamespaceSchemaLocation="https://maven.apache.org/surefire/maven-surefire-plugin/xsd/surefire-test-report-3.0.xsd" version="3.0" name="TestSuite" time="51.189" tests="3" errors="0" skipped="0" failures="0">
  <properties>
[...]
</properties>
  <testcase name="registerNewUserTest" classname="org.example.SeleniumTest" time="4.681">
    <system-out><![CDATA[21:51:00.479 [main] DEBUG org.testng.TestNG -- suiteXmlPath: "D:\dev\QACourse\Java\SELENIUM\repo\parabank-selenium-java-v2\testng.xml"
21:51:08.514 [main] INFO org.example.SeleniumTest -- Setup completed!
21:51:10.339 [main] INFO org.example.BasePage -- Loading page: https://parabank.parasoft.com/
21:51:10.409 [main] INFO org.example.BasePage -- Element is displayed: By.cssSelector: [class='logo']
21:51:10.440 [main] INFO org.example.BasePage -- Got text: Experience the difference From: By.cssSelector: [class='caption']
21:51:10.440 [main] INFO org.example.BasePage -- Text matches: 'Experience the difference'
21:51:10.471 [main] INFO org.example.BasePage -- Element is displayed: By.id: loginPanel
21:51:10.487 [main] INFO org.example.BasePage -- Scrolled to: By.xpath: //a[text()='Register']
21:51:10.847 [main] INFO org.example.BasePage -- Element clicked: By.xpath: //a[text()='Register']
21:51:10.898 [main] INFO org.example.BasePage -- Got text: Signing up is easy! From: By.cssSelector: #rightPanel > h1
21:51:10.898 [main] INFO org.example.BasePage -- Text matches: 'Signing up is easy!'
21:51:10.928 [main] INFO org.example.BasePage -- Scrolled to: By.id: customer.firstName
21:51:10.996 [main] INFO org.example.BasePage -- Filling field: By.id: customer.firstName Value: Ivan
21:51:11.007 [main] INFO org.example.BasePage -- Scrolled to: By.id: customer.lastName
21:51:11.121 [main] INFO org.example.BasePage -- Filling field: By.id: customer.lastName Value: Ivanov
21:51:11.141 [main] INFO org.example.BasePage -- Scrolled to: By.id: customer.address.street
21:51:11.202 [main] INFO org.example.BasePage -- Filling field: By.id: customer.address.street Value: Ulitsa st. 10
21:51:11.221 [main] INFO org.example.BasePage -- Scrolled to: By.id: customer.address.city
21:51:11.277 [main] INFO org.example.BasePage -- Filling field: By.id: customer.address.city Value: Balchik
21:51:11.291 [main] INFO org.example.BasePage -- Scrolled to: By.id: customer.address.state
21:51:11.359 [main] INFO org.example.BasePage -- Filling field: By.id: customer.address.state Value: Dbrich
21:51:11.373 [main] INFO org.example.BasePage -- Scrolled to: By.id: customer.address.zipCode
21:51:11.429 [main] INFO org.example.BasePage -- Filling field: By.id: customer.address.zipCode Value: 9611
21:51:11.436 [main] INFO org.example.BasePage -- Scrolled to: By.id: customer.phoneNumber
21:51:11.479 [main] INFO org.example.BasePage -- Filling field: By.id: customer.phoneNumber Value: +359889075296
21:51:11.495 [main] INFO org.example.BasePage -- Scrolled to: By.id: customer.ssn
21:51:11.543 [main] INFO org.example.BasePage -- Filling field: By.id: customer.ssn Value: 9902116767
21:51:11.545 [main] INFO org.example.BasePage -- Scrolled to: By.id: customer.username
21:51:11.590 [main] INFO org.example.BasePage -- Filling field: By.id: customer.username Value: Vanko5019
21:51:11.612 [main] INFO org.example.BasePage -- Scrolled to: By.id: customer.password
21:51:11.656 [main] INFO org.example.BasePage -- Filling field: By.id: customer.password Value: MyPass123
21:51:11.668 [main] INFO org.example.BasePage -- Scrolled to: By.id: repeatedPassword
21:51:11.711 [main] INFO org.example.BasePage -- Filling field: By.id: repeatedPassword Value: MyPass123
21:51:11.726 [main] INFO org.example.BasePage -- Scrolled to: By.cssSelector: [value='Register']
21:51:12.085 [main] INFO org.example.BasePage -- Element clicked: By.cssSelector: [value='Register']
21:51:12.119 [main] INFO org.example.BasePage -- Got text: Welcome Vanko5019 From: By.cssSelector: #rightPanel > h1
21:51:12.119 [main] INFO org.example.BasePage -- Text matches: 'Welcome Vanko5019'
21:51:12.143 [main] INFO org.example.BasePage -- Element is displayed: By.id: leftPanel
21:51:12.143 [main] INFO org.example.BasePage -- Scrolled to: By.xpath: //a[text()='Accounts Overview']
21:51:12.490 [main] INFO org.example.BasePage -- Element clicked: By.xpath: //a[text()='Accounts Overview']
21:51:12.528 [main] INFO org.example.BasePage -- Got text: Accounts Overview From: By.cssSelector: #showOverview > h1
21:51:12.528 [main] INFO org.example.BasePage -- Text matches: 'Accounts Overview'
21:51:12.555 [main] INFO org.example.BasePage -- Element is displayed: By.id: overviewAccountsApp
21:51:12.555 [main] INFO org.example.BasePage -- Scrolled to: By.xpath: //a[text()='Log Out']
21:51:13.104 [main] INFO org.example.BasePage -- Element clicked: By.xpath: //a[text()='Log Out']
21:51:13.137 [main] INFO org.example.BasePage -- Element is displayed: By.cssSelector: [class='logo']
21:51:13.176 [main] INFO org.example.BasePage -- Got text: Experience the difference From: By.cssSelector: [class='caption']
21:51:13.176 [main] INFO org.example.BasePage -- Text matches: 'Experience the difference'
21:51:13.200 [main] INFO org.example.BasePage -- Element is displayed: By.id: loginPanel
]]></system-out>
  </testcase>
  <testcase name="openNewAccountTest" classname="org.example.SeleniumTest" time="6.026">
    <system-out><![CDATA[21:51:23.412 [main] INFO org.example.SeleniumTest -- Setup completed!
21:51:24.830 [main] INFO org.example.BasePage -- Loading page: https://parabank.parasoft.com/
21:51:24.893 [main] INFO org.example.BasePage -- Element is displayed: By.cssSelector: [class='logo']
21:51:24.922 [main] INFO org.example.BasePage -- Got text: Experience the difference From: By.cssSelector: [class='caption']
21:51:24.922 [main] INFO org.example.BasePage -- Text matches: 'Experience the difference'
21:51:24.983 [main] INFO org.example.BasePage -- Element is displayed: By.id: loginPanel
21:51:24.985 [main] INFO org.example.BasePage -- Scrolled to: By.cssSelector: [name='username']
21:51:25.047 [main] INFO org.example.BasePage -- Filling field: By.cssSelector: [name='username'] Value: Vanko5019
21:51:25.056 [main] INFO org.example.BasePage -- Scrolled to: By.cssSelector: [name='password']
21:51:25.098 [main] INFO org.example.BasePage -- Filling field: By.cssSelector: [name='password'] Value: MyPass123
21:51:25.108 [main] INFO org.example.BasePage -- Scrolled to: By.cssSelector: [value='Log In']
21:51:25.764 [main] INFO org.example.BasePage -- Element clicked: By.cssSelector: [value='Log In']
21:51:25.802 [main] INFO org.example.BasePage -- Got text: Accounts Overview From: By.cssSelector: #showOverview > h1
21:51:25.802 [main] INFO org.example.BasePage -- Text matches: 'Accounts Overview'
21:51:25.826 [main] INFO org.example.BasePage -- Element is displayed: By.id: overviewAccountsApp
21:51:25.837 [main] INFO org.example.BasePage -- Scrolled to: By.xpath: //a[text()='Accounts Overview']
21:51:26.140 [main] INFO org.example.BasePage -- Element clicked: By.xpath: //a[text()='Accounts Overview']
21:51:26.170 [main] INFO org.example.BasePage -- Got text: Accounts Overview From: By.cssSelector: #showOverview > h1
21:51:26.170 [main] INFO org.example.BasePage -- Text matches: 'Accounts Overview'
21:51:26.201 [main] INFO org.example.BasePage -- Element is displayed: By.id: overviewAccountsApp
21:51:26.737 [main] INFO org.example.BasePage -- Got text: 27885 From: By.xpath: //*[@id='accountTable']/tbody/tr[1]/td[1]/a
21:51:26.737 [main] INFO org.example.BasePage -- Main Account ID is: 27885
21:51:26.756 [main] INFO org.example.BasePage -- Scrolled to: By.xpath: //a[text()='Open New Account']
21:51:27.050 [main] INFO org.example.BasePage -- Element clicked: By.xpath: //a[text()='Open New Account']
21:51:27.069 [main] INFO org.example.BasePage -- Got text: Open New Account From: By.cssSelector: #openAccountForm > h1
21:51:27.069 [main] INFO org.example.BasePage -- Text matches: 'Open New Account'
21:51:27.687 [main] INFO org.example.BasePage -- Selected option: SAVINGS from dropdown: By.id: type
21:51:28.251 [main] INFO org.example.BasePage -- Selected option: 27885 from dropdown: By.id: fromAccountId
21:51:28.260 [main] INFO org.example.BasePage -- Scrolled to: By.cssSelector: [value='Open New Account']
21:51:28.349 [main] INFO org.example.BasePage -- Element clicked: By.cssSelector: [value='Open New Account']
21:51:28.893 [main] INFO org.example.BasePage -- Got text: Account Opened! From: By.cssSelector: #openAccountResult > h1
21:51:28.893 [main] INFO org.example.BasePage -- Text matches: 'Account Opened!'
21:51:28.901 [main] INFO org.example.BasePage -- Scrolled to: By.xpath: //a[text()='Log Out']
21:51:29.442 [main] INFO org.example.BasePage -- Element clicked: By.xpath: //a[text()='Log Out']
]]></system-out>
  </testcase>
  <testcase name="transferTest" classname="org.example.SeleniumTest" time="7.342">
    <system-out><![CDATA[21:51:40.371 [main] INFO org.example.SeleniumTest -- Setup completed!
21:51:41.811 [main] INFO org.example.BasePage -- Loading page: https://parabank.parasoft.com/
21:51:41.889 [main] INFO org.example.BasePage -- Element is displayed: By.cssSelector: [class='logo']
21:51:41.922 [main] INFO org.example.BasePage -- Got text: Experience the difference From: By.cssSelector: [class='caption']
21:51:41.922 [main] INFO org.example.BasePage -- Text matches: 'Experience the difference'
21:51:41.976 [main] INFO org.example.BasePage -- Element is displayed: By.id: loginPanel
21:51:41.991 [main] INFO org.example.BasePage -- Scrolled to: By.cssSelector: [name='username']
21:51:42.071 [main] INFO org.example.BasePage -- Filling field: By.cssSelector: [name='username'] Value: Vanko5019
21:51:42.080 [main] INFO org.example.BasePage -- Scrolled to: By.cssSelector: [name='password']
21:51:42.129 [main] INFO org.example.BasePage -- Filling field: By.cssSelector: [name='password'] Value: MyPass123
21:51:42.141 [main] INFO org.example.BasePage -- Scrolled to: By.cssSelector: [value='Log In']
21:51:42.825 [main] INFO org.example.BasePage -- Element clicked: By.cssSelector: [value='Log In']
21:51:42.870 [main] INFO org.example.BasePage -- Got text: Accounts Overview From: By.cssSelector: #showOverview > h1
21:51:42.870 [main] INFO org.example.BasePage -- Text matches: 'Accounts Overview'
21:51:42.898 [main] INFO org.example.BasePage -- Element is displayed: By.id: overviewAccountsApp
21:51:42.908 [main] INFO org.example.BasePage -- Scrolled to: By.xpath: //a[text()='Accounts Overview']
21:51:43.255 [main] INFO org.example.BasePage -- Element clicked: By.xpath: //a[text()='Accounts Overview']
21:51:43.288 [main] INFO org.example.BasePage -- Got text: Accounts Overview From: By.cssSelector: #showOverview > h1
21:51:43.288 [main] INFO org.example.BasePage -- Text matches: 'Accounts Overview'
21:51:43.314 [main] INFO org.example.BasePage -- Element is displayed: By.id: overviewAccountsApp
21:51:43.850 [main] INFO org.example.BasePage -- Got text: 27885 From: By.xpath: //*[@id='accountTable']/tbody/tr[1]/td[1]/a
21:51:43.873 [main] INFO org.example.BasePage -- Got text: $415.50 From: By.xpath: //*[@id='accountTable']/tbody/tr[1]/td[2]
21:51:43.873 [main] INFO org.example.BasePage -- Main Account Balance is: 415.50
21:51:43.892 [main] INFO org.example.BasePage -- Got text: 28218 From: By.xpath: //*[@id='accountTable']/tbody/tr[2]/td[1]/a
21:51:43.920 [main] INFO org.example.BasePage -- Got text: $100.00 From: By.xpath: //*[@id='accountTable']/tbody/tr[2]/td[2]
21:51:43.920 [main] INFO org.example.BasePage -- New Account Balance is: 100.00
21:51:43.936 [main] INFO org.example.BasePage -- Got text: $515.50 From: By.xpath: //table[@id='accountTable']//b[contains(text(),'$')]
21:51:43.952 [main] INFO org.example.BasePage -- Scrolled to: By.xpath: //a[text()='Transfer Funds']
21:51:44.270 [main] INFO org.example.BasePage -- Element clicked: By.xpath: //a[text()='Transfer Funds']
21:51:44.292 [main] INFO org.example.BasePage -- Got text: Transfer Funds From: By.cssSelector: #showForm > h1
21:51:44.292 [main] INFO org.example.BasePage -- Text matches: 'Transfer Funds'
21:51:44.308 [main] INFO org.example.BasePage -- Scrolled to: By.id: amount
21:51:44.353 [main] INFO org.example.BasePage -- Filling field: By.id: amount Value: 100
21:51:44.888 [main] INFO org.example.BasePage -- Selected option: 27885 from dropdown: By.id: fromAccountId
21:51:45.491 [main] INFO org.example.BasePage -- Selected option: 28218 from dropdown: By.id: toAccountId
21:51:45.501 [main] INFO org.example.BasePage -- Scrolled to: By.cssSelector: [value='Transfer']
21:51:45.586 [main] INFO org.example.BasePage -- Element clicked: By.cssSelector: [value='Transfer']
21:51:46.130 [main] INFO org.example.BasePage -- Got text: Transfer Complete! From: By.cssSelector: #showResult > h1
21:51:46.130 [main] INFO org.example.BasePage -- Text matches: 'Transfer Complete!'
21:51:46.141 [main] INFO org.example.BasePage -- Scrolled to: By.xpath: //a[text()='Accounts Overview']
21:51:46.444 [main] INFO org.example.BasePage -- Element clicked: By.xpath: //a[text()='Accounts Overview']
21:51:46.982 [main] INFO org.example.BasePage -- Got text: $515.50 From: By.xpath: //table[@id='accountTable']//b[contains(text(),'$')]
21:51:46.982 [main] INFO org.example.BasePage -- Amount: 515.5 Balance: 515.5
21:51:47.014 [main] INFO org.example.BasePage -- Got text: $315.50 From: By.xpath: //table[@id='accountTable']//tr[td/a[text()='27885']]//td[2]
21:51:47.014 [main] INFO org.example.BasePage -- Amount: 315.5 Balance: 315.5
21:51:47.046 [main] INFO org.example.BasePage -- Got text: $200.00 From: By.xpath: //table[@id='accountTable']//tr[td/a[text()='28218']]//td[2]
21:51:47.046 [main] INFO org.example.BasePage -- Amount: 200.0 Balance: 200.0
21:51:47.046 [main] INFO org.example.BasePage -- Scrolled to: By.xpath: //a[text()='Log Out']
21:51:47.613 [main] INFO org.example.BasePage -- Element clicked: By.xpath: //a[text()='Log Out']
21:51:47.646 [main] INFO org.example.BasePage -- Element is displayed: By.id: loginPanel
21:51:47.683 [main] INFO org.example.BasePage -- Got text: Customer Login From: By.cssSelector: #leftPanel > h2
21:51:47.683 [main] INFO org.example.BasePage -- Text matches: 'Customer Login'
21:51:47.710 [main] INFO org.example.BasePage -- Element is displayed: By.cssSelector: #rightPanel span
]]></system-out>
  </testcase>
</testsuite>