<?xml version="1.0" encoding="UTF-8"?>
<!-- Generated by org.testng.reporters.JUnitXMLReporter -->
<testsuite ignored="0" hostname="LAPTOP-8VT8QO9L" failures="0" tests="3" name="ParaBank Tests" time="50.434" errors="0" timestamp="2026-06-19T21:51:51 EEST">
  <testcase classname="org.example.SeleniumTest" name="registerNewUserTest" time="4.681"/>
  <testcase classname="org.example.SeleniumTest" name="openNewAccountTest" time="6.03"/>
  <testcase classname="org.example.SeleniumTest" name="transferTest" time="7.339"/>
</testsuite> <!-- ParaBank Tests -->
