<?xml version="1.0" encoding="UTF-8"?>
<!-- Generated by org.testng.reporters.JUnitReportReporter -->
<testsuite hostname="LAPTOP-8VT8QO9L" failures="0" tests="3" name="org.example.SeleniumTest" time="50.377" errors="0" timestamp="2026-06-19T21:51:51 EEST" skipped="0">
  <testcase classname="org.example.SeleniumTest" name="registerNewUserTest" time="15.975"/>
  <testcase classname="org.example.SeleniumTest" name="openNewAccountTest" time="16.808"/>
  <testcase classname="org.example.SeleniumTest" name="transferTest" time="17.594"/>
</testsuite> <!-- org.example.SeleniumTest -->
